Key: ; listener.haveGun() = false; handDirection() = (0, 0, 0); palmNormal() = (0, 0, 0)
Key: ?; listener.haveGun() = false; handDirection() = (0, 0, 0); palmNormal() = (0, 0, 0)
Key: q; listener.haveGun() = false; handDirection() = (0, 0, 0); palmNormal() = (0, 0, 0)
Key: q; listener.haveGun() = false; handDirection() = (0, 0, 0); palmNormal() = (0, 0, 0)
Key: x; listener.haveGun() = false; handDirection() = (0, 0, 0); palmNormal() = (0, 0, 0)
Key: q; listener.haveGun() = false; handDirection() = (0, 0, 0); palmNormal() = (0, 0, 0)
Key: q; listener.haveGun() = false; handDirection() = (0, 0, 0); palmNormal() = (0, 0, 0)
Key: x; listener.haveGun() = false; handDirection() = (0, 0, 0); palmNormal() = (0, 0, 0)
Key: q; listener.haveGun() = false; handDirection() = (0, 0, 0); palmNormal() = (0, 0, 0)
Key: q; listener.haveGun() = false; handDirection() = (0, 0, 0); palmNormal() = (0, 0, 0)
Key: q; listener.haveGun() = false; handDirection() = (0, 0, 0); palmNormal() = (0, 0, 0)
Key: q; listener.haveGun() = false; handDirection() = (0, 0, 0); palmNormal() = (0, 0, 0)
Key: q; listener.haveGun() = false; handDirection() = (0, 0, 0); palmNormal() = (0, 0, 0)
Key: q; listener.haveGun() = false; handDirection() = (0, 0, 0); palmNormal() = (0, 0, 0)
Key: q; listener.haveGun() = false; handDirection() = (0, 0, 0); palmNormal() = (0, 0, 0)
Key: ?; listener.haveGun() = false; handDirection() = (0, 0, 0); palmNormal() = (0, 0, 0)
Key: ?; listener.haveGun() = false; handDirection() = (0, 0, 0); palmNormal() = (0, 0, 0)
Key: ?; listener.haveGun() = false; handDirection() = (0, 0, 0); palmNormal() = (0, 0, 0)
Key: q; listener.haveGun() = false; handDirection() = (0, 0, 0); palmNormal() = (0, 0, 0)
Key: ?; listener.haveGun() = false; handDirection() = (0, 0, 0); palmNormal() = (0, 0, 0)
Key: ?; listener.haveGun() = false; handDirection() = (0, 0, 0); palmNormal() = (0, 0, 0)
Key: q; listener.haveGun() = false; handDirection() = (0, 0, 0); palmNormal() = (0, 0, 0)
Key: q; listener.haveGun() = false; handDirection() = (0, 0, 0); palmNormal() = (0, 0, 0)
Key: ?; listener.haveGun() = false; handDirection() = (0, 0, 0); palmNormal() = (0, 0, 0)
Key: q; listener.haveGun() = false; handDirection() = (0, 0, 0); palmNormal() = (0, 0, 0)
Key: q; listener.haveGun() = false; handDirection() = (0, 0, 0); palmNormal() = (0, 0, 0)
Key: ?; listener.haveGun() = false; handDirection() = (0, 0, 0); palmNormal() = (0, 0, 0)
Key: q; listener.haveGun() = false; handDirection() = (0, 0, 0); palmNormal() = (0, 0, 0)
Key: ?; listener.haveGun() = false; handDirection() = (0, 0, 0); palmNormal() = (0, 0, 0)
Key: x; listener.haveGun() = false; handDirection() = (0, 0, 0); palmNormal() = (0, 0, 0)
Key: ?; listener.haveGun() = false; handDirection() = (0, 0, 0); palmNormal() = (0, 0, 0)
Key: ; listener.haveGun() = false; handDirection() = (0, 0, 0); palmNormal() = (0, 0, 0)
Key: q; listener.haveGun() = false; handDirection() = (0, 0, 0); palmNormal() = (0, 0, 0)
Key: ?; listener.haveGun() = false; handDirection() = (0, 0, 0); palmNormal() = (0, 0, 0)
Key: ; listener.haveGun() = false; handDirection() = (0, 0, 0); palmNormal() = (0, 0, 0)
Key: ; listener.haveGun() = false; handDirection() = (0, 0, 0); palmNormal() = (0, 0, 0)
Key: b; listener.haveGun() = false; handDirection() = (0, 0, 0); palmNormal() = (0, 0, 0)
Key: q; listener.haveGun() = false; handDirection() = (0, 0, 0); palmNormal() = (0, 0, 0)
Key: q; listener.haveGun() = false; handDirection() = (0, 0, 0); palmNormal() = (0, 0, 0)
Key: q; listener.haveGun() = false; handDirection() = (0, 0, 0); palmNormal() = (0, 0, 0)
Key: q; listener.haveGun() = false; handDirection() = (0, 0, 0); palmNormal() = (0, 0, 0)
Key: q; listener.haveGun() = false; handDirection() = (0, 0, 0); palmNormal() = (0, 0, 0)
Key: ?; listener.haveGun() = false; handDirection() = (0, 0, 0); palmNormal() = (0, 0, 0)
Key: ?; listener.haveGun() = false; handDirection() = (0, 0, 0); palmNormal() = (0, 0, 0)
Key: q; listener.haveGun() = false; handDirection() = (0, 0, 0); palmNormal() = (0, 0, 0)
Key: ?; listener.haveGun() = false; handDirection() = (0, 0, 0); palmNormal() = (0, 0, 0)
Key: q; listener.haveGun() = false; handDirection() = (0, 0, 0); palmNormal() = (0, 0, 0)
Key: q; listener.haveGun() = false; handDirection() = (0, 0, 0); palmNormal() = (0, 0, 0)
Key: q; listener.haveGun() = false; handDirection() = (0, 0, 0); palmNormal() = (0, 0, 0)
Key: q; listener.haveGun() = false; handDirection() = (0, 0, 0); palmNormal() = (0, 0, 0)
Key: ; listener.haveGun() = false; handDirection() = (0, 0, 0); palmNormal() = (0, 0, 0)
Key: q; listener.haveGun() = false; handDirection() = (0, 0, 0); palmNormal() = (0, 0, 0)
Key: q; listener.haveGun() = false; handDirection() = (0, 0, 0); palmNormal() = (0, 0, 0)
Key: ; listener.haveGun() = false; handDirection() = (0, 0, 0); palmNormal() = (0, 0, 0)
Key: q; listener.haveGun() = false; handDirection() = (0, 0, 0); palmNormal() = (0, 0, 0)
Key: q; listener.haveGun() = false; handDirection() = (0, 0, 0); palmNormal() = (0, 0, 0)
Key: ?; listener.haveGun() = false; handDirection() = (0, 0, 0); palmNormal() = (0, 0, 0)
Key: ; listener.haveGun() = false; handDirection() = (0, 0, 0); palmNormal() = (0, 0, 0)
Key: q; listener.haveGun() = false; handDirection() = (0, 0, 0); palmNormal() = (0, 0, 0)
Key: q; listener.haveGun() = false; handDirection() = (0, 0, 0); palmNormal() = (0, 0, 0)
Key: ?; listener.haveGun() = false; handDirection() = (0, 0, 0); palmNormal() = (0, 0, 0)
Key: q; listener.haveGun() = false; handDirection() = (0, 0, 0); palmNormal() = (0, 0, 0)
Key: q; listener.haveGun() = false; handDirection() = (0, 0, 0); palmNormal() = (0, 0, 0)
Key: ?; listener.haveGun() = false; handDirection() = (0, 0, 0); palmNormal() = (0, 0, 0)
Key: q; listener.haveGun() = false; handDirection() = (0, 0, 0); palmNormal() = (0, 0, 0)
Key: q; listener.haveGun() = false; handDirection() = (0, 0, 0); palmNormal() = (0, 0, 0)
Key: q; listener.haveGun() = false; handDirection() = (0, 0, 0); palmNormal() = (0, 0, 0)
Key: ; listener.haveGun() = false; handDirection() = (0, 0, 0); palmNormal() = (0, 0, 0)
Key: q; listener.haveGun() = false; handDirection() = (0, 0, 0); palmNormal() = (0, 0, 0)
Key: q; listener.haveGun() = false; handDirection() = (0, 0, 0); palmNormal() = (0, 0, 0)
Key: q; listener.haveGun() = false; handDirection() = (0, 0, 0); palmNormal() = (0, 0, 0)
Key: q; listener.haveGun() = false; handDirection() = (0, 0, 0); palmNormal() = (0, 0, 0)
Key: ?; listener.haveGun() = false; handDirection() = (0, 0, 0); palmNormal() = (0, 0, 0)
Key: ?; listener.haveGun() = false; handDirection() = (0, 0, 0); palmNormal() = (0, 0, 0)
Key: q; listener.haveGun() = false; handDirection() = (0, 0, 0); palmNormal() = (0, 0, 0)
Key: q; listener.haveGun() = false; handDirection() = (0, 0, 0); palmNormal() = (0, 0, 0)
Key: q; listener.haveGun() = false; handDirection() = (0, 0, 0); palmNormal() = (0, 0, 0)
Key: q; listener.haveGun() = false; handDirection() = (0, 0, 0); palmNormal() = (0, 0, 0)
Key: q; listener.haveGun() = false; handDirection() = (0, 0, 0); palmNormal() = (0, 0, 0)
Key: q; listener.haveGun() = false; handDirection() = (0, 0, 0); palmNormal() = (0, 0, 0)
Key: q; listener.haveGun() = false; handDirection() = (0, 0, 0); palmNormal() = (0, 0, 0)
Key: q; listener.haveGun() = false; handDirection() = (0, 0, 0); palmNormal() = (0, 0, 0)
Key: ?; listener.haveGun() = false; handDirection() = (0, 0, 0); palmNormal() = (0, 0, 0)
Key: q; listener.haveGun() = false; handDirection() = (0, 0, 0); palmNormal() = (0, 0, 0)
Key: ; listener.haveGun() = false; handDirection() = (0, 0, 0); palmNormal() = (0, 0, 0)
Key: q; listener.haveGun() = false; handDirection() = (0, 0, 0); palmNormal() = (0, 0, 0)
Key: q; listener.haveGun() = false; handDirection() = (0, 0, 0); palmNormal() = (0, 0, 0)
Key: q; listener.haveGun() = false; handDirection() = (0, 0, 0); palmNormal() = (0, 0, 0)
Key: q; listener.haveGun() = false; handDirection() = (0, 0, 0); palmNormal() = (0, 0, 0)
Key: ; listener.haveGun() = false; handDirection() = (0, 0, 0); palmNormal() = (0, 0, 0)
Key: q; listener.haveGun() = false; handDirection() = (0, 0, 0); palmNormal() = (0, 0, 0)
Key: q; listener.haveGun() = false; handDirection() = (0, 0, 0); palmNormal() = (0, 0, 0)
Key: q; listener.haveGun() = false; handDirection() = (0, 0, 0); palmNormal() = (0, 0, 0)
Key: ; listener.haveGun() = false; handDirection() = (0, 0, 0); palmNormal() = (0, 0, 0)
Key: ; listener.haveGun() = false; handDirection() = (0, 0, 0); palmNormal() = (0, 0, 0)
Key: q; listener.haveGun() = false; handDirection() = (0, 0, 0); palmNormal() = (0, 0, 0)
Key: ; listener.haveGun() = false; handDirection() = (0, 0, 0); palmNormal() = (0, 0, 0)
Key: q; listener.haveGun() = false; handDirection() = (0, 0, 0); palmNormal() = (0, 0, 0)
Key: q; listener.haveGun() = false; handDirection() = (0, 0, 0); palmNormal() = (0, 0, 0)
Key: ; listener.haveGun() = false; handDirection() = (0, 0, 0); palmNormal() = (0, 0, 0)
Key: q; listener.haveGun() = false; handDirection() = (0, 0, 0); palmNormal() = (0, 0, 0)
Key: ?; listener.haveGun() = false; handDirection() = (0, 0, 0); palmNormal() = (0, 0, 0)
Key: ; listener.haveGun() = false; handDirection() = (0, 0, 0); palmNormal() = (0, 0, 0)
Key: q; listener.haveGun() = false; handDirection() = (0, 0, 0); palmNormal() = (0, 0, 0)
Key: ?; listener.haveGun() = false; handDirection() = (0, 0, 0); palmNormal() = (0, 0, 0)
Key: q; listener.haveGun() = false; handDirection() = (0, 0, 0); palmNormal() = (0, 0, 0)
Key: ; listener.haveGun() = false; handDirection() = (0, 0, 0); palmNormal() = (0, 0, 0)
Key: q; listener.haveGun() = false; handDirection() = (0, 0, 0); palmNormal() = (0, 0, 0)
Key: ?; listener.haveGun() = false; handDirection() = (0, 0, 0); palmNormal() = (0, 0, 0)
Key: q; listener.haveGun() = false; handDirection() = (0, 0, 0); palmNormal() = (0, 0, 0)
Key: q; listener.haveGun() = false; handDirection() = (0, 0, 0); palmNormal() = (0, 0, 0)
Key: q; listener.haveGun() = false; handDirection() = (0, 0, 0); palmNormal() = (0, 0, 0)
Key: ; listener.haveGun() = false; handDirection() = (0, 0, 0); palmNormal() = (0, 0, 0)
Key: q; listener.haveGun() = false; handDirection() = (0, 0, 0); palmNormal() = (0, 0, 0)
Key: ; listener.haveGun() = false; handDirection() = (0, 0, 0); palmNormal() = (0, 0, 0)
Key: q; listener.haveGun() = false; handDirection() = (0, 0, 0); palmNormal() = (0, 0, 0)
Key: ; listener.haveGun() = false; handDirection() = (0, 0, 0); palmNormal() = (0, 0, 0)
Key: ; listener.haveGun() = false; handDirection() = (-0.236514, 0.361066, -0.902049); palmNormal() = (0.10879, 0.932392, 0.344687)
Key: ; listener.haveGun() = false; handDirection() = (-0.379936, -0.0302661, -0.924518); palmNormal() = (-0.0407553, -0.997946, 0.0494185)
Key: ; listener.haveGun() = false; handDirection() = (-0.277789, 0.101459, -0.955269); palmNormal() = (-0.121325, -0.99015, -0.0698825)
Key: q; listener.haveGun() = false; handDirection() = (0, 0, 0); palmNormal() = (0, 0, 0)
Key: ; listener.haveGun() = false; handDirection() = (0, 0, 0); palmNormal() = (0, 0, 0)
Key: ; listener.haveGun() = false; handDirection() = (-0.416052, 0.19013, -0.889242); palmNormal() = (-0.11557, 0.958912, 0.259098)
